Using pre-set license
Built from '2021.1/staging' branch; Version is '2021.1.7f1 (d91830b65d9b) revision 14227504'; Using compiler version '192528614'; Build Type 'Release'
OS: 'Windows 10 Home; OS build 19043.1237; Version 2009; 64bit' Language: 'he' Physical Memory: 16247 MB
BatchMode: 1, IsHumanControllingUs: 0, StartBugReporterOnCrash: 0, Is64bit: 1, IsPro: 0

 COMMAND LINE ARGUMENTS:
C:\UnityProjects\2021.1.7f1\Editor\Unity.exe
-adb2
-batchMode
-noUpm
-name
AssetImportWorker0
-projectPath
C:/UnityProjects/LDjam49/LD49
-logFile
Logs/AssetImportWorker0.log
-srvPort
60442
Successfully changed project path to: C:/UnityProjects/LDjam49/LD49
C:/UnityProjects/LDjam49/LD49
Using Asset Import Pipeline V2.
Refreshing native plugins compatible for Editor in 166.28 ms, found 1 plugins.
Preloading 0 native plugins for Editor in 0.00 ms.
Initialize engine version: 2021.1.7f1 (d91830b65d9b)
[Subsystems] Discovering subsystems at path C:/UnityProjects/2021.1.7f1/Editor/Data/Resources/UnitySubsystems
[Subsystems] Discovering subsystems at path C:/UnityProjects/LDjam49/LD49/Assets
GfxDevice: creating device client; threaded=0; jobified=0
Direct3D:
    Version:  Direct3D 11.0 [level 11.1]
    Renderer: Intel(R) UHD Graphics 630 (ID=0x3e92)
    Vendor:   Intel
    VRAM:     8123 MB
    Driver:   23.20.16.4974
Initialize mono
Mono path[0] = 'C:/UnityProjects/2021.1.7f1/Editor/Data/Managed'
Mono path[1] = 'C:/UnityProjects/2021.1.7f1/Editor/Data/MonoBleedingEdge/lib/mono/unityjit'
Mono config path = 'C:/UnityProjects/2021.1.7f1/Editor/Data/MonoBleedingEdge/etc'
Using monoOptions --debugger-agent=transport=dt_socket,embedding=1,server=y,suspend=n,address=127.0.0.1:56624
Begin MonoManager ReloadAssembly
Registering precompiled unity dll's ...
Register platform support module: C:/UnityProjects/2021.1.7f1/Editor/Data/PlaybackEngines/WebGLSupport/UnityEditor.WebGL.Extensions.dll
Register platform support module: C:/UnityProjects/2021.1.7f1/Editor/Data/PlaybackEngines/WindowsStandaloneSupport/UnityEditor.WindowsStandalone.Extensions.dll
Registered in 0.227092 seconds.
Native extension for WindowsStandalone target not found
Native extension for WebGL target not found
Refreshing native plugins compatible for Editor in 42.48 ms, found 1 plugins.
Preloading 0 native plugins for Editor in 0.00 ms.
Mono: successfully reloaded assembly
- Completed reload, in  2.949 seconds
Platform modules already initialized, skipping
Registering precompiled user dll's ...
Registered in 0.017055 seconds.
Begin MonoManager ReloadAssembly
Native extension for WindowsStandalone target not found
Native extension for WebGL target not found
Refreshing native plugins compatible for Editor in 40.91 ms, found 1 plugins.
Preloading 0 native plugins for Editor in 0.00 ms.
Mono: successfully reloaded assembly
- Completed reload, in  1.478 seconds
Platform modules already initialized, skipping
========================================================================
Worker process is ready to serve import requests
Launched and connected shader compiler UnityShaderCompiler.exe after 0.07 seconds
Refreshing native plugins compatible for Editor in 0.34 ms, found 1 plugins.
Preloading 0 native plugins for Editor in 0.00 ms.
Unloading 1830 Unused Serialized files (Serialized files now loaded: 0)
System memory in use before: 86.8 MB.
System memory in use after: 86.9 MB.

Unloading 19 unused Assets to reduce memory usage. Loaded Objects now: 2292.
Total: 2.373600 ms (FindLiveObjects: 0.151800 ms CreateObjectMapping: 0.069400 ms MarkObjects: 2.090700 ms  DeleteObjects: 0.061000 ms)

========================================================================
Received Import Request.
  path: Assets
  artifactKey: Guid(00000000000000001000000000000000) Importer(815301076,1909f56bfc062723c751e8b465ee728b)
Start importing Assets using Guid(00000000000000001000000000000000) Importer(815301076,1909f56bfc062723c751e8b465ee728b)  -> (artifact id: '42d402b061de3733987d63b9cc3b64de') in 0.009900 seconds 
========================================================================
Received Import Request.
  Time since last request: 1.801244 seconds.
  path: Assets/Scenes
  artifactKey: Guid(3c72751b38a80f542be8605796d9f22b) Importer(815301076,1909f56bfc062723c751e8b465ee728b)
Start importing Assets/Scenes using Guid(3c72751b38a80f542be8605796d9f22b) Importer(815301076,1909f56bfc062723c751e8b465ee728b)  -> (artifact id: '21f6659dad63a971860acdf15a066efc') in 0.004615 seconds 
========================================================================
Received Import Request.
  Time since last request: 6.215765 seconds.
  path: Assets/Scenes/Sprites
  artifactKey: Guid(ab69de4d84e4a55428f1f1a821e186bd) Importer(815301076,1909f56bfc062723c751e8b465ee728b)
Start importing Assets/Scenes/Sprites using Guid(ab69de4d84e4a55428f1f1a821e186bd) Importer(815301076,1909f56bfc062723c751e8b465ee728b)  -> (artifact id: 'b90b2b07cb9c41f4c2e92b0a38e66709') in 0.007374 seconds 
========================================================================
Received Import Request.
  Time since last request: 9.849673 seconds.
  path: Assets/Scripts
  artifactKey: Guid(7dc7255e52ed3044db7644e302d19a9b) Importer(815301076,1909f56bfc062723c751e8b465ee728b)
Start importing Assets/Scripts using Guid(7dc7255e52ed3044db7644e302d19a9b) Importer(815301076,1909f56bfc062723c751e8b465ee728b)  -> (artifact id: 'fd4f126828b70a0ad50fc307a121daf7') in 0.007740 seconds 
AssetImportWorkerClient::OnTransportError - code=2 error=End of file
