Using pre-set license
Built from '2021.1/staging' branch; Version is '2021.1.7f1 (d91830b65d9b) revision 14227504'; Using compiler version '192528614'; Build Type 'Release'
OS: 'Windows 10 Home; OS build 19043.1237; Version 2009; 64bit' Language: 'he' Physical Memory: 16247 MB
BatchMode: 1, IsHumanControllingUs: 0, StartBugReporterOnCrash: 0, Is64bit: 1, IsPro: 0

 COMMAND LINE ARGUMENTS:
C:\UnityProjects\2021.1.7f1\Editor\Unity.exe
-adb2
-batchMode
-noUpm
-name
AssetImportWorker0
-projectPath
C:/UnityProjects/LDjam49/LDjam49/LD49
-logFile
Logs/AssetImportWorker0.log
-srvPort
55641
Successfully changed project path to: C:/UnityProjects/LDjam49/LDjam49/LD49
C:/UnityProjects/LDjam49/LDjam49/LD49
Using Asset Import Pipeline V2.
Refreshing native plugins compatible for Editor in 44.26 ms, found 1 plugins.
Preloading 0 native plugins for Editor in 0.00 ms.
Initialize engine version: 2021.1.7f1 (d91830b65d9b)
[Subsystems] Discovering subsystems at path C:/UnityProjects/2021.1.7f1/Editor/Data/Resources/UnitySubsystems
[Subsystems] Discovering subsystems at path C:/UnityProjects/LDjam49/LDjam49/LD49/Assets
GfxDevice: creating device client; threaded=0; jobified=0
Direct3D:
    Version:  Direct3D 11.0 [level 11.1]
    Renderer: Intel(R) UHD Graphics 630 (ID=0x3e92)
    Vendor:   Intel
    VRAM:     8123 MB
    Driver:   23.20.16.4974
Initialize mono
Mono path[0] = 'C:/UnityProjects/2021.1.7f1/Editor/Data/Managed'
Mono path[1] = 'C:/UnityProjects/2021.1.7f1/Editor/Data/MonoBleedingEdge/lib/mono/unityjit'
Mono config path = 'C:/UnityProjects/2021.1.7f1/Editor/Data/MonoBleedingEdge/etc'
Using monoOptions --debugger-agent=transport=dt_socket,embedding=1,server=y,suspend=n,address=127.0.0.1:56152
Begin MonoManager ReloadAssembly
Registering precompiled unity dll's ...
Register platform support module: C:/UnityProjects/2021.1.7f1/Editor/Data/PlaybackEngines/WebGLSupport/UnityEditor.WebGL.Extensions.dll
Register platform support module: C:/UnityProjects/2021.1.7f1/Editor/Data/PlaybackEngines/WindowsStandaloneSupport/UnityEditor.WindowsStandalone.Extensions.dll
Registered in 0.003802 seconds.
Native extension for WindowsStandalone target not found
Native extension for WebGL target not found
Refreshing native plugins compatible for Editor in 41.61 ms, found 1 plugins.
Preloading 0 native plugins for Editor in 0.00 ms.
Mono: successfully reloaded assembly
- Completed reload, in  3.050 seconds
Platform modules already initialized, skipping
Registering precompiled user dll's ...
Registered in 0.001468 seconds.
Begin MonoManager ReloadAssembly
Native extension for WindowsStandalone target not found
Native extension for WebGL target not found
Refreshing native plugins compatible for Editor in 39.84 ms, found 1 plugins.
Preloading 0 native plugins for Editor in 0.00 ms.
Mono: successfully reloaded assembly
- Completed reload, in  1.183 seconds
Platform modules already initialized, skipping
========================================================================
Worker process is ready to serve import requests
Launched and connected shader compiler UnityShaderCompiler.exe after 0.07 seconds
Refreshing native plugins compatible for Editor in 0.36 ms, found 1 plugins.
Preloading 0 native plugins for Editor in 0.00 ms.
Unloading 1863 Unused Serialized files (Serialized files now loaded: 0)
System memory in use before: 88.5 MB.
System memory in use after: 88.6 MB.

Unloading 19 unused Assets to reduce memory usage. Loaded Objects now: 2326.
Total: 2.396900 ms (FindLiveObjects: 0.149800 ms CreateObjectMapping: 0.069100 ms MarkObjects: 2.077100 ms  DeleteObjects: 0.099400 ms)

========================================================================
Received Import Request.
  path: Assets/Scripts/Manager.cs
  artifactKey: Guid(24265dc3e3b331b489261102a1b0cc92) Importer(815301076,1909f56bfc062723c751e8b465ee728b)
Start importing Assets/Scripts/Manager.cs using Guid(24265dc3e3b331b489261102a1b0cc92) Importer(815301076,1909f56bfc062723c751e8b465ee728b)  -> (artifact id: '6d65f512caeedc8da8ee386d91570390') in 0.030207 seconds 
========================================================================
Received Import Request.
  Time since last request: 93.013643 seconds.
  path: Assets/2D Extras/Editor
  artifactKey: Guid(58147b5e82a62ad4aacd2cfa2ef653bc) Importer(815301076,1909f56bfc062723c751e8b465ee728b)
Start importing Assets/2D Extras/Editor using Guid(58147b5e82a62ad4aacd2cfa2ef653bc) Importer(815301076,1909f56bfc062723c751e8b465ee728b)  -> (artifact id: '11d6041faac6abb8305aa9b301a01e97') in 0.006285 seconds 
========================================================================
Received Import Request.
  Time since last request: 0.027042 seconds.
  path: Assets/2D Extras/Editor/Unity.2D.Tilemap.Extras.Editor.asmdef
  artifactKey: Guid(cbdf09464b6b87745be748a67e5a21a0) Importer(815301076,1909f56bfc062723c751e8b465ee728b)
Start importing Assets/2D Extras/Editor/Unity.2D.Tilemap.Extras.Editor.asmdef using Guid(cbdf09464b6b87745be748a67e5a21a0) Importer(815301076,1909f56bfc062723c751e8b465ee728b)  -> (artifact id: '9bfd8e494a19d8ded617847f7bef5002') in 0.009873 seconds 
========================================================================
Received Import Request.
  Time since last request: 0.815218 seconds.
  path: Assets/2D Extras/Editor/Tiles
  artifactKey: Guid(f03b3016bcc582043b27ae775025ef88) Importer(815301076,1909f56bfc062723c751e8b465ee728b)
Start importing Assets/2D Extras/Editor/Tiles using Guid(f03b3016bcc582043b27ae775025ef88) Importer(815301076,1909f56bfc062723c751e8b465ee728b)  -> (artifact id: 'aa1d372209954f283df667ea6120c3b2') in 0.005049 seconds 
========================================================================
Received Import Request.
  Time since last request: 0.621158 seconds.
  path: Assets/2D Extras/Editor/Tiles/IsometricRuleTile
  artifactKey: Guid(8ee1b1583a594cf47baebcd4a5d46cb9) Importer(815301076,1909f56bfc062723c751e8b465ee728b)
Start importing Assets/2D Extras/Editor/Tiles/IsometricRuleTile using Guid(8ee1b1583a594cf47baebcd4a5d46cb9) Importer(815301076,1909f56bfc062723c751e8b465ee728b)  -> (artifact id: '11428e847166d0844f1d8b2f9af81d37') in 0.006590 seconds 
========================================================================
Received Prepare
Registering precompiled user dll's ...
Registered in 0.001814 seconds.
Begin MonoManager ReloadAssembly
Native extension for WindowsStandalone target not found
Native extension for WebGL target not found
Refreshing native plugins compatible for Editor in 0.35 ms, found 1 plugins.
Preloading 0 native plugins for Editor in 0.00 ms.
Mono: successfully reloaded assembly
- Completed reload, in  1.084 seconds
Platform modules already initialized, skipping
Refreshing native plugins compatible for Editor in 0.39 ms, found 1 plugins.
Preloading 0 native plugins for Editor in 0.00 ms.
Unloading 1852 Unused Serialized files (Serialized files now loaded: 0)
System memory in use before: 87.9 MB.
System memory in use after: 88.0 MB.

Unloading 8 unused Assets to reduce memory usage. Loaded Objects now: 2329.
Total: 2.259700 ms (FindLiveObjects: 0.141000 ms CreateObjectMapping: 0.069200 ms MarkObjects: 2.034800 ms  DeleteObjects: 0.013800 ms)

========================================================================
Received Prepare
Registering precompiled user dll's ...
Registered in 0.002398 seconds.
Begin MonoManager ReloadAssembly
Native extension for WindowsStandalone target not found
Native extension for WebGL target not found
Refreshing native plugins compatible for Editor in 0.37 ms, found 1 plugins.
Preloading 0 native plugins for Editor in 0.00 ms.
Mono: successfully reloaded assembly
- Completed reload, in  1.155 seconds
Platform modules already initialized, skipping
Refreshing native plugins compatible for Editor in 0.37 ms, found 1 plugins.
Preloading 0 native plugins for Editor in 0.00 ms.
Unloading 1852 Unused Serialized files (Serialized files now loaded: 0)
System memory in use before: 87.9 MB.
System memory in use after: 88.0 MB.

Unloading 8 unused Assets to reduce memory usage. Loaded Objects now: 2332.
Total: 2.362800 ms (FindLiveObjects: 0.156500 ms CreateObjectMapping: 0.067400 ms MarkObjects: 2.122800 ms  DeleteObjects: 0.015200 ms)

========================================================================
Received Import Request.
  Time since last request: 1165.774850 seconds.
  path: ProjectSettings/TagManager.asset
  artifactKey: Guid(00000000000000003000000000000000) Importer(815301076,1909f56bfc062723c751e8b465ee728b)
Start importing ProjectSettings/TagManager.asset using Guid(00000000000000003000000000000000) Importer(815301076,1909f56bfc062723c751e8b465ee728b)  -> (artifact id: '95df672b4aaba54310d34c83eef51bb8') in 0.019528 seconds 
========================================================================
Received Prepare
Registering precompiled user dll's ...
Registered in 0.002010 seconds.
Begin MonoManager ReloadAssembly
Native extension for WindowsStandalone target not found
Native extension for WebGL target not found
Refreshing native plugins compatible for Editor in 0.36 ms, found 1 plugins.
Preloading 0 native plugins for Editor in 0.00 ms.
Mono: successfully reloaded assembly
- Completed reload, in  1.091 seconds
Platform modules already initialized, skipping
Refreshing native plugins compatible for Editor in 0.36 ms, found 1 plugins.
Preloading 0 native plugins for Editor in 0.00 ms.
Unloading 1852 Unused Serialized files (Serialized files now loaded: 0)
System memory in use before: 87.9 MB.
System memory in use after: 88.0 MB.

Unloading 9 unused Assets to reduce memory usage. Loaded Objects now: 2335.
Total: 2.276200 ms (FindLiveObjects: 0.189100 ms CreateObjectMapping: 0.069900 ms MarkObjects: 2.001900 ms  DeleteObjects: 0.014400 ms)

========================================================================
Received Import Request.
  Time since last request: 26.046522 seconds.
  path: Assets/Tiles
  artifactKey: Guid(3ace9d4c6bdf95e498e45fde5359dcf4) Importer(815301076,1909f56bfc062723c751e8b465ee728b)
Start importing Assets/Tiles using Guid(3ace9d4c6bdf95e498e45fde5359dcf4) Importer(815301076,1909f56bfc062723c751e8b465ee728b)  -> (artifact id: '427d0bcc858f4c1d41eee7df0adb6c8f') in 0.008320 seconds 
========================================================================
Received Import Request.
  Time since last request: 28.795892 seconds.
  path: Assets/Tiles/New Palette.prefab
  artifactKey: Guid(59ce87a2db782354e966fe2dfbb042fc) Importer(815301076,1909f56bfc062723c751e8b465ee728b)
Start importing Assets/Tiles/New Palette.prefab using Guid(59ce87a2db782354e966fe2dfbb042fc) Importer(815301076,1909f56bfc062723c751e8b465ee728b)  -> (artifact id: 'b106ddb0d212ee4d74a1ea6deffdfe29') in 0.032160 seconds 
========================================================================
Received Prepare
Registering precompiled user dll's ...
Registered in 0.001958 seconds.
Begin MonoManager ReloadAssembly
Native extension for WindowsStandalone target not found
Native extension for WebGL target not found
Refreshing native plugins compatible for Editor in 0.37 ms, found 1 plugins.
Preloading 0 native plugins for Editor in 0.00 ms.
Mono: successfully reloaded assembly
- Completed reload, in  1.077 seconds
Platform modules already initialized, skipping
Refreshing native plugins compatible for Editor in 0.36 ms, found 1 plugins.
Preloading 0 native plugins for Editor in 0.00 ms.
Unloading 1852 Unused Serialized files (Serialized files now loaded: 0)
System memory in use before: 88.0 MB.
System memory in use after: 88.1 MB.

Unloading 8 unused Assets to reduce memory usage. Loaded Objects now: 2338.
Total: 2.237000 ms (FindLiveObjects: 0.138700 ms CreateObjectMapping: 0.063300 ms MarkObjects: 2.020300 ms  DeleteObjects: 0.014000 ms)

========================================================================
Received Prepare
Registering precompiled user dll's ...
Registered in 0.001458 seconds.
Begin MonoManager ReloadAssembly
Native extension for WindowsStandalone target not found
Native extension for WebGL target not found
Refreshing native plugins compatible for Editor in 0.36 ms, found 1 plugins.
Preloading 0 native plugins for Editor in 0.00 ms.
Mono: successfully reloaded assembly
- Completed reload, in  1.087 seconds
Platform modules already initialized, skipping
Refreshing native plugins compatible for Editor in 0.35 ms, found 1 plugins.
Preloading 0 native plugins for Editor in 0.00 ms.
Unloading 1852 Unused Serialized files (Serialized files now loaded: 0)
System memory in use before: 88.0 MB.
System memory in use after: 88.1 MB.

Unloading 8 unused Assets to reduce memory usage. Loaded Objects now: 2341.
Total: 2.265700 ms (FindLiveObjects: 0.150400 ms CreateObjectMapping: 0.070200 ms MarkObjects: 2.030400 ms  DeleteObjects: 0.013900 ms)

========================================================================
Received Import Request.
  Time since last request: 136.735746 seconds.
  path: Assets/Tiles/New Palette.prefab
  artifactKey: Guid(59ce87a2db782354e966fe2dfbb042fc) Importer(815301076,1909f56bfc062723c751e8b465ee728b)
Start importing Assets/Tiles/New Palette.prefab using Guid(59ce87a2db782354e966fe2dfbb042fc) Importer(815301076,1909f56bfc062723c751e8b465ee728b)  -> (artifact id: '9d89fadb71719c3ff79ee7aeb06d51df') in 0.031893 seconds 
========================================================================
Received Import Request.
  Time since last request: 0.000300 seconds.
  path: Assets/Tiles/Square.asset
  artifactKey: Guid(cecd24cd2aac7ae4aa74843122d7c59f) Importer(815301076,1909f56bfc062723c751e8b465ee728b)
Start importing Assets/Tiles/Square.asset using Guid(cecd24cd2aac7ae4aa74843122d7c59f) Importer(815301076,1909f56bfc062723c751e8b465ee728b)  -> (artifact id: '9826a24c2bb6655e8b3566d21142b2d1') in 0.054608 seconds 
========================================================================
Received Import Request.
  Time since last request: 10.291856 seconds.
  path: Assets/Tiles/New Palette.prefab
  artifactKey: Guid(59ce87a2db782354e966fe2dfbb042fc) Importer(815301076,1909f56bfc062723c751e8b465ee728b)
Start importing Assets/Tiles/New Palette.prefab using Guid(59ce87a2db782354e966fe2dfbb042fc) Importer(815301076,1909f56bfc062723c751e8b465ee728b)  -> (artifact id: '3a9fce09f3c3723f0e60b3e73d2f09c0') in 0.009283 seconds 
========================================================================
Received Import Request.
  Time since last request: 23.797059 seconds.
  path: Assets/Tiles/Ground.asset
  artifactKey: Guid(f651ee03ec1e4ca468983b0a3e21738d) Importer(815301076,1909f56bfc062723c751e8b465ee728b)
Start importing Assets/Tiles/Ground.asset using Guid(f651ee03ec1e4ca468983b0a3e21738d) Importer(815301076,1909f56bfc062723c751e8b465ee728b)  -> (artifact id: 'd2601502a7198297315c7a8216a2fea9') in 0.016360 seconds 
========================================================================
Received Import Request.
  Time since last request: 4.832635 seconds.
  path: Assets/Tiles/Ground.asset
  artifactKey: Guid(f651ee03ec1e4ca468983b0a3e21738d) Importer(815301076,1909f56bfc062723c751e8b465ee728b)
Start importing Assets/Tiles/Ground.asset using Guid(f651ee03ec1e4ca468983b0a3e21738d) Importer(815301076,1909f56bfc062723c751e8b465ee728b)  -> (artifact id: '8f3655e4424d4cff34c245b87dad5d71') in 0.084154 seconds 
========================================================================
Received Import Request.
  Time since last request: 60.196838 seconds.
  path: Assets/Colliders
  artifactKey: Guid(33b952f46b9dbf2418855b713fdbcaf3) Importer(815301076,1909f56bfc062723c751e8b465ee728b)
Start importing Assets/Colliders using Guid(33b952f46b9dbf2418855b713fdbcaf3) Importer(815301076,1909f56bfc062723c751e8b465ee728b)  -> (artifact id: 'cb315384d48e0469435f1dbf423f2d25') in 0.008417 seconds 
========================================================================
Received Import Request.
  Time since last request: 21.635945 seconds.
  path: Assets/Tiles/Colliders/Up.prefab
  artifactKey: Guid(f27830df7a2f7e740a24a0c5774cf144) Importer(815301076,1909f56bfc062723c751e8b465ee728b)
Start importing Assets/Tiles/Colliders/Up.prefab using Guid(f27830df7a2f7e740a24a0c5774cf144) Importer(815301076,1909f56bfc062723c751e8b465ee728b)  -> (artifact id: '957970e86912965da17492d9fe93dffd') in 0.006799 seconds 
========================================================================
Received Import Request.
  Time since last request: 13.698738 seconds.
  path: Assets/Tiles/Colliders/Up.prefab
  artifactKey: Guid(f27830df7a2f7e740a24a0c5774cf144) Importer(815301076,1909f56bfc062723c751e8b465ee728b)
Start importing Assets/Tiles/Colliders/Up.prefab using Guid(f27830df7a2f7e740a24a0c5774cf144) Importer(815301076,1909f56bfc062723c751e8b465ee728b)  -> (artifact id: 'c23f4c510e8273dd59e04a1e5a121b9b') in 0.006194 seconds 
========================================================================
Received Import Request.
  Time since last request: 0.715906 seconds.
  path: Assets/Tiles/Colliders/Up.prefab
  artifactKey: Guid(f27830df7a2f7e740a24a0c5774cf144) Importer(815301076,1909f56bfc062723c751e8b465ee728b)
Start importing Assets/Tiles/Colliders/Up.prefab using Guid(f27830df7a2f7e740a24a0c5774cf144) Importer(815301076,1909f56bfc062723c751e8b465ee728b)  -> (artifact id: '38f3c5bc630aa9563d35a481fed85413') in 0.006847 seconds 
========================================================================
Received Import Request.
  Time since last request: 12.517688 seconds.
  path: Assets/Tiles/Colliders/Up 1.prefab
  artifactKey: Guid(ce98feef2e1859348aeee49ac93c2fd1) Importer(815301076,1909f56bfc062723c751e8b465ee728b)
Start importing Assets/Tiles/Colliders/Up 1.prefab using Guid(ce98feef2e1859348aeee49ac93c2fd1) Importer(815301076,1909f56bfc062723c751e8b465ee728b)  -> (artifact id: 'ec299f0c891e727d7f25068ae0084d9b') in 0.010309 seconds 
========================================================================
Received Import Request.
  Time since last request: 6.520159 seconds.
  path: Assets/Tiles/Colliders/Down 1.prefab
  artifactKey: Guid(ce98feef2e1859348aeee49ac93c2fd1) Importer(815301076,1909f56bfc062723c751e8b465ee728b)
Start importing Assets/Tiles/Colliders/Down 1.prefab using Guid(ce98feef2e1859348aeee49ac93c2fd1) Importer(815301076,1909f56bfc062723c751e8b465ee728b)  -> (artifact id: 'c8a23ea8b056d813dbdc73da41efc275') in 0.006850 seconds 
========================================================================
Received Import Request.
  Time since last request: 4.177003 seconds.
  path: Assets/Tiles/Colliders/Down.prefab
  artifactKey: Guid(ce98feef2e1859348aeee49ac93c2fd1) Importer(815301076,1909f56bfc062723c751e8b465ee728b)
Start importing Assets/Tiles/Colliders/Down.prefab using Guid(ce98feef2e1859348aeee49ac93c2fd1) Importer(815301076,1909f56bfc062723c751e8b465ee728b)  -> (artifact id: '020abf1a23b17d142d4189f3f36a088a') in 0.007209 seconds 
========================================================================
Received Import Request.
  Time since last request: 4.005073 seconds.
  path: Assets/Tiles/Colliders/Down.prefab
  artifactKey: Guid(ce98feef2e1859348aeee49ac93c2fd1) Importer(815301076,1909f56bfc062723c751e8b465ee728b)
Start importing Assets/Tiles/Colliders/Down.prefab using Guid(ce98feef2e1859348aeee49ac93c2fd1) Importer(815301076,1909f56bfc062723c751e8b465ee728b)  -> (artifact id: '1b4c5e1ed40399b3553152dce8915b7d') in 0.006363 seconds 
========================================================================
Received Import Request.
  Time since last request: 0.716087 seconds.
  path: Assets/Tiles/Colliders/Down.prefab
  artifactKey: Guid(ce98feef2e1859348aeee49ac93c2fd1) Importer(815301076,1909f56bfc062723c751e8b465ee728b)
Start importing Assets/Tiles/Colliders/Down.prefab using Guid(ce98feef2e1859348aeee49ac93c2fd1) Importer(815301076,1909f56bfc062723c751e8b465ee728b)  -> (artifact id: '50d1c7ad1c1c0e3fa1f728217acf7f4a') in 0.006573 seconds 
========================================================================
Received Import Request.
  Time since last request: 10.151370 seconds.
  path: Assets/Tiles/Colliders/Right.prefab
  artifactKey: Guid(cf6cb9f47461b174d8d3bb99dbe66659) Importer(815301076,1909f56bfc062723c751e8b465ee728b)
Start importing Assets/Tiles/Colliders/Right.prefab using Guid(cf6cb9f47461b174d8d3bb99dbe66659) Importer(815301076,1909f56bfc062723c751e8b465ee728b)  -> (artifact id: '37b8e442035829d0028e064056e6973c') in 0.006895 seconds 
========================================================================
Received Import Request.
  Time since last request: 8.800305 seconds.
  path: Assets/Tiles/Colliders/Right.prefab
  artifactKey: Guid(cf6cb9f47461b174d8d3bb99dbe66659) Importer(815301076,1909f56bfc062723c751e8b465ee728b)
Start importing Assets/Tiles/Colliders/Right.prefab using Guid(cf6cb9f47461b174d8d3bb99dbe66659) Importer(815301076,1909f56bfc062723c751e8b465ee728b)  -> (artifact id: 'a32c68f279e4103d32dd0b8f57f2383b') in 0.010918 seconds 
========================================================================
Received Import Request.
  Time since last request: 4.884867 seconds.
  path: Assets/Tiles/Colliders/Right.prefab
  artifactKey: Guid(cf6cb9f47461b174d8d3bb99dbe66659) Importer(815301076,1909f56bfc062723c751e8b465ee728b)
Start importing Assets/Tiles/Colliders/Right.prefab using Guid(cf6cb9f47461b174d8d3bb99dbe66659) Importer(815301076,1909f56bfc062723c751e8b465ee728b)  -> (artifact id: '2e11d8e39b941bbdd70a017233550fb8') in 0.006615 seconds 
========================================================================
Received Import Request.
  Time since last request: 8.533305 seconds.
  path: Assets/Tiles/Colliders/Left.prefab
  artifactKey: Guid(44466c34539afee409b2ac82b4476713) Importer(815301076,1909f56bfc062723c751e8b465ee728b)
Start importing Assets/Tiles/Colliders/Left.prefab using Guid(44466c34539afee409b2ac82b4476713) Importer(815301076,1909f56bfc062723c751e8b465ee728b)  -> (artifact id: '4a41600c4dbf9412571c2615d3a9ee1f') in 0.007978 seconds 
========================================================================
Received Import Request.
  Time since last request: 5.388382 seconds.
  path: Assets/Tiles/Colliders/Left.prefab
  artifactKey: Guid(44466c34539afee409b2ac82b4476713) Importer(815301076,1909f56bfc062723c751e8b465ee728b)
Start importing Assets/Tiles/Colliders/Left.prefab using Guid(44466c34539afee409b2ac82b4476713) Importer(815301076,1909f56bfc062723c751e8b465ee728b)  -> (artifact id: 'c11b6738597475d9f8e324e9f4bcfe8d') in 0.006838 seconds 
========================================================================
Received Import Request.
  Time since last request: 0.819197 seconds.
  path: Assets/Tiles/Colliders/Left.prefab
  artifactKey: Guid(44466c34539afee409b2ac82b4476713) Importer(815301076,1909f56bfc062723c751e8b465ee728b)
Start importing Assets/Tiles/Colliders/Left.prefab using Guid(44466c34539afee409b2ac82b4476713) Importer(815301076,1909f56bfc062723c751e8b465ee728b)  -> (artifact id: '442c6b019827bde5215d50461fa8fcd3') in 0.007456 seconds 
========================================================================
Received Import Request.
  Time since last request: 33.851790 seconds.
  path: Assets/Tiles/Ground.asset
  artifactKey: Guid(f651ee03ec1e4ca468983b0a3e21738d) Importer(815301076,1909f56bfc062723c751e8b465ee728b)
Start importing Assets/Tiles/Ground.asset using Guid(f651ee03ec1e4ca468983b0a3e21738d) Importer(815301076,1909f56bfc062723c751e8b465ee728b)  -> (artifact id: '61865dbcaa9f30fac2fbe64bbe832d04') in 0.019232 seconds 
========================================================================
Received Import Request.
  Time since last request: 3.376224 seconds.
  path: Assets/Tiles/New Palette.prefab
  artifactKey: Guid(59ce87a2db782354e966fe2dfbb042fc) Importer(815301076,1909f56bfc062723c751e8b465ee728b)
Start importing Assets/Tiles/New Palette.prefab using Guid(59ce87a2db782354e966fe2dfbb042fc) Importer(815301076,1909f56bfc062723c751e8b465ee728b)  -> (artifact id: 'a555f43621ae7d99d45859a59422485e') in 0.008911 seconds 
========================================================================
Received Prepare
Registering precompiled user dll's ...
Registered in 0.002048 seconds.
Begin MonoManager ReloadAssembly
Native extension for WindowsStandalone target not found
Native extension for WebGL target not found
Refreshing native plugins compatible for Editor in 0.43 ms, found 1 plugins.
Preloading 0 native plugins for Editor in 0.00 ms.
Mono: successfully reloaded assembly
- Completed reload, in  1.049 seconds
Platform modules already initialized, skipping
Refreshing native plugins compatible for Editor in 0.51 ms, found 1 plugins.
Preloading 0 native plugins for Editor in 0.00 ms.
Unloading 1852 Unused Serialized files (Serialized files now loaded: 0)
System memory in use before: 91.7 MB.
System memory in use after: 91.8 MB.

Unloading 8 unused Assets to reduce memory usage. Loaded Objects now: 2348.
Total: 2.457000 ms (FindLiveObjects: 0.183300 ms CreateObjectMapping: 0.081400 ms MarkObjects: 2.176000 ms  DeleteObjects: 0.015500 ms)

========================================================================
Received Prepare
Registering precompiled user dll's ...
Registered in 0.002499 seconds.
Begin MonoManager ReloadAssembly
Native extension for WindowsStandalone target not found
Native extension for WebGL target not found
Refreshing native plugins compatible for Editor in 0.64 ms, found 1 plugins.
Preloading 0 native plugins for Editor in 0.00 ms.
Mono: successfully reloaded assembly
- Completed reload, in  1.063 seconds
Platform modules already initialized, skipping
Refreshing native plugins compatible for Editor in 0.37 ms, found 1 plugins.
Preloading 0 native plugins for Editor in 0.00 ms.
Unloading 1852 Unused Serialized files (Serialized files now loaded: 0)
System memory in use before: 91.7 MB.
System memory in use after: 91.8 MB.

Unloading 8 unused Assets to reduce memory usage. Loaded Objects now: 2351.
Total: 3.381600 ms (FindLiveObjects: 0.161800 ms CreateObjectMapping: 0.078800 ms MarkObjects: 3.118400 ms  DeleteObjects: 0.021200 ms)

========================================================================
Received Import Request.
  Time since last request: 43.965159 seconds.
  path: Assets/Tiles/Colliders/Up 1.prefab
  artifactKey: Guid(a31d9f1e140d2004b9fd5d0a5aacd8e2) Importer(815301076,1909f56bfc062723c751e8b465ee728b)
Start importing Assets/Tiles/Colliders/Up 1.prefab using Guid(a31d9f1e140d2004b9fd5d0a5aacd8e2) Importer(815301076,1909f56bfc062723c751e8b465ee728b)  -> (artifact id: '7079c9e3ede7c2d946c8ed569ffaba56') in 0.035697 seconds 
========================================================================
Received Import Request.
  Time since last request: 17.070633 seconds.
  path: Assets/Tiles/Colliders/R.prefab
  artifactKey: Guid(a31d9f1e140d2004b9fd5d0a5aacd8e2) Importer(815301076,1909f56bfc062723c751e8b465ee728b)
Start importing Assets/Tiles/Colliders/R.prefab using Guid(a31d9f1e140d2004b9fd5d0a5aacd8e2) Importer(815301076,1909f56bfc062723c751e8b465ee728b)  -> (artifact id: 'fde1251e6451d1b08b13127550774126') in 0.009915 seconds 
========================================================================
Received Import Request.
  Time since last request: 4.698982 seconds.
  path: Assets/Tiles/Colliders/I.prefab
  artifactKey: Guid(f27830df7a2f7e740a24a0c5774cf144) Importer(815301076,1909f56bfc062723c751e8b465ee728b)
Start importing Assets/Tiles/Colliders/I.prefab using Guid(f27830df7a2f7e740a24a0c5774cf144) Importer(815301076,1909f56bfc062723c751e8b465ee728b)  -> (artifact id: '6788a474a16c98892795835d84e331a6') in 0.007180 seconds 
========================================================================
Received Import Request.
  Time since last request: 5.579991 seconds.
  path: Assets/Tiles/Colliders/R.prefab
  artifactKey: Guid(a31d9f1e140d2004b9fd5d0a5aacd8e2) Importer(815301076,1909f56bfc062723c751e8b465ee728b)
Start importing Assets/Tiles/Colliders/R.prefab using Guid(a31d9f1e140d2004b9fd5d0a5aacd8e2) Importer(815301076,1909f56bfc062723c751e8b465ee728b)  -> (artifact id: '62203adf88f023b544cec0d7e8bafb25') in 0.008596 seconds 
========================================================================
Received Import Request.
  Time since last request: 3.825057 seconds.
  path: Assets/Tiles/Colliders/R.prefab
  artifactKey: Guid(a31d9f1e140d2004b9fd5d0a5aacd8e2) Importer(815301076,1909f56bfc062723c751e8b465ee728b)
Start importing Assets/Tiles/Colliders/R.prefab using Guid(a31d9f1e140d2004b9fd5d0a5aacd8e2) Importer(815301076,1909f56bfc062723c751e8b465ee728b)  -> (artifact id: '7715ea7d7c39bda97bac0fa6b7ff4b42') in 0.008326 seconds 
========================================================================
Received Import Request.
  Time since last request: 13.149416 seconds.
  path: Assets/Tiles/Ground.asset
  artifactKey: Guid(f651ee03ec1e4ca468983b0a3e21738d) Importer(815301076,1909f56bfc062723c751e8b465ee728b)
Start importing Assets/Tiles/Ground.asset using Guid(f651ee03ec1e4ca468983b0a3e21738d) Importer(815301076,1909f56bfc062723c751e8b465ee728b)  -> (artifact id: 'c33f5c6c8236056e1a676794cb5e7cf8') in 0.042012 seconds 
========================================================================
Received Import Request.
  Time since last request: 6.116722 seconds.
  path: Assets/Tiles/Colliders/R 1.prefab
  artifactKey: Guid(fd281187db23a1941b785ffdd32acbe1) Importer(815301076,1909f56bfc062723c751e8b465ee728b)
Start importing Assets/Tiles/Colliders/R 1.prefab using Guid(fd281187db23a1941b785ffdd32acbe1) Importer(815301076,1909f56bfc062723c751e8b465ee728b)  -> (artifact id: '5839f427481abe6db8ea5d1ed5047460') in 0.008647 seconds 
========================================================================
Received Import Request.
  Time since last request: 5.476064 seconds.
  path: Assets/Tiles/Colliders/U.prefab
  artifactKey: Guid(fd281187db23a1941b785ffdd32acbe1) Importer(815301076,1909f56bfc062723c751e8b465ee728b)
Start importing Assets/Tiles/Colliders/U.prefab using Guid(fd281187db23a1941b785ffdd32acbe1) Importer(815301076,1909f56bfc062723c751e8b465ee728b)  -> (artifact id: '7aca0462544d7f1569b4164799475640') in 0.011369 seconds 
========================================================================
Received Import Request.
  Time since last request: 3.333484 seconds.
  path: Assets/Tiles/Colliders/U.prefab
  artifactKey: Guid(fd281187db23a1941b785ffdd32acbe1) Importer(815301076,1909f56bfc062723c751e8b465ee728b)
Start importing Assets/Tiles/Colliders/U.prefab using Guid(fd281187db23a1941b785ffdd32acbe1) Importer(815301076,1909f56bfc062723c751e8b465ee728b)  -> (artifact id: 'c7320c251d4c76bba7a9337c80446b05') in 0.007307 seconds 
========================================================================
Received Import Request.
  Time since last request: 3.623914 seconds.
  path: Assets/Tiles/Colliders/U.prefab
  artifactKey: Guid(fd281187db23a1941b785ffdd32acbe1) Importer(815301076,1909f56bfc062723c751e8b465ee728b)
Start importing Assets/Tiles/Colliders/U.prefab using Guid(fd281187db23a1941b785ffdd32acbe1) Importer(815301076,1909f56bfc062723c751e8b465ee728b)  -> (artifact id: 'ec8626479c386bdf0ad819e954c2f5cc') in 0.008260 seconds 
========================================================================
Received Import Request.
  Time since last request: 11.075903 seconds.
  path: Assets/Tiles/Ground.asset
  artifactKey: Guid(f651ee03ec1e4ca468983b0a3e21738d) Importer(815301076,1909f56bfc062723c751e8b465ee728b)
Start importing Assets/Tiles/Ground.asset using Guid(f651ee03ec1e4ca468983b0a3e21738d) Importer(815301076,1909f56bfc062723c751e8b465ee728b)  -> (artifact id: '7b27fb27741dc46ab522891bd4433b0b') in 0.050656 seconds 
========================================================================
Received Import Request.
  Time since last request: 6.570636 seconds.
  path: Assets/Tiles/Colliders/U 1.prefab
  artifactKey: Guid(cec3ab24ef50e364cbd754c7a0975c7a) Importer(815301076,1909f56bfc062723c751e8b465ee728b)
Start importing Assets/Tiles/Colliders/U 1.prefab using Guid(cec3ab24ef50e364cbd754c7a0975c7a) Importer(815301076,1909f56bfc062723c751e8b465ee728b)  -> (artifact id: '753d22608868c27db71843e573efa984') in 0.007702 seconds 
========================================================================
Received Import Request.
  Time since last request: 6.335675 seconds.
  path: Assets/Tiles/Colliders/U 1.prefab
  artifactKey: Guid(cec3ab24ef50e364cbd754c7a0975c7a) Importer(815301076,1909f56bfc062723c751e8b465ee728b)
Start importing Assets/Tiles/Colliders/U 1.prefab using Guid(cec3ab24ef50e364cbd754c7a0975c7a) Importer(815301076,1909f56bfc062723c751e8b465ee728b)  -> (artifact id: '65f20f4bd648321ee5ae297e3c630b5e') in 0.007651 seconds 
========================================================================
Received Import Request.
  Time since last request: 2.221833 seconds.
  path: Assets/Tiles/Colliders/U 1.prefab
  artifactKey: Guid(cec3ab24ef50e364cbd754c7a0975c7a) Importer(815301076,1909f56bfc062723c751e8b465ee728b)
Start importing Assets/Tiles/Colliders/U 1.prefab using Guid(cec3ab24ef50e364cbd754c7a0975c7a) Importer(815301076,1909f56bfc062723c751e8b465ee728b)  -> (artifact id: '0bce441bb8b23339fe6b66008155436c') in 0.008175 seconds 
========================================================================
Received Import Request.
  Time since last request: 9.045046 seconds.
  path: Assets/Tiles/Colliders/U 1.prefab
  artifactKey: Guid(cec3ab24ef50e364cbd754c7a0975c7a) Importer(815301076,1909f56bfc062723c751e8b465ee728b)
Start importing Assets/Tiles/Colliders/U 1.prefab using Guid(cec3ab24ef50e364cbd754c7a0975c7a) Importer(815301076,1909f56bfc062723c751e8b465ee728b)  -> (artifact id: 'dbb38f7b6c39052bd6c47900cdb8aab7') in 0.007935 seconds 
========================================================================
Received Import Request.
  Time since last request: 3.306852 seconds.
  path: Assets/Tiles/Colliders/U 1.prefab
  artifactKey: Guid(cec3ab24ef50e364cbd754c7a0975c7a) Importer(815301076,1909f56bfc062723c751e8b465ee728b)
Start importing Assets/Tiles/Colliders/U 1.prefab using Guid(cec3ab24ef50e364cbd754c7a0975c7a) Importer(815301076,1909f56bfc062723c751e8b465ee728b)  -> (artifact id: '334bfc36a88ddfdf6f8814b29bf04f65') in 0.007704 seconds 
========================================================================
Received Import Request.
  Time since last request: 4.458916 seconds.
  path: Assets/Tiles/Colliders/U 1.prefab
  artifactKey: Guid(cec3ab24ef50e364cbd754c7a0975c7a) Importer(815301076,1909f56bfc062723c751e8b465ee728b)
Start importing Assets/Tiles/Colliders/U 1.prefab using Guid(cec3ab24ef50e364cbd754c7a0975c7a) Importer(815301076,1909f56bfc062723c751e8b465ee728b)  -> (artifact id: '090fa6fb800dc665eb6be08c4418702b') in 0.008346 seconds 
========================================================================
Received Import Request.
  Time since last request: 0.926711 seconds.
  path: Assets/Tiles/Colliders/U 1.prefab
  artifactKey: Guid(cec3ab24ef50e364cbd754c7a0975c7a) Importer(815301076,1909f56bfc062723c751e8b465ee728b)
Start importing Assets/Tiles/Colliders/U 1.prefab using Guid(cec3ab24ef50e364cbd754c7a0975c7a) Importer(815301076,1909f56bfc062723c751e8b465ee728b)  -> (artifact id: '650ea2a4713debccb74577db1934b4ca') in 0.006411 seconds 
========================================================================
Received Import Request.
  Time since last request: 3.984474 seconds.
  path: Assets/Tiles/Colliders/II.prefab
  artifactKey: Guid(cec3ab24ef50e364cbd754c7a0975c7a) Importer(815301076,1909f56bfc062723c751e8b465ee728b)
Start importing Assets/Tiles/Colliders/II.prefab using Guid(cec3ab24ef50e364cbd754c7a0975c7a) Importer(815301076,1909f56bfc062723c751e8b465ee728b)  -> (artifact id: '4e5f846c268792ee10bf2b1e42e3b609') in 0.009746 seconds 
========================================================================
Received Import Request.
  Time since last request: 15.007203 seconds.
  path: Assets/Tiles/Ground.asset
  artifactKey: Guid(f651ee03ec1e4ca468983b0a3e21738d) Importer(815301076,1909f56bfc062723c751e8b465ee728b)
Start importing Assets/Tiles/Ground.asset using Guid(f651ee03ec1e4ca468983b0a3e21738d) Importer(815301076,1909f56bfc062723c751e8b465ee728b)  -> (artifact id: 'b871f2ae79be01f33b96d734179f35df') in 0.017212 seconds 
========================================================================
Received Prepare
Registering precompiled user dll's ...
Registered in 0.001821 seconds.
Begin MonoManager ReloadAssembly
Native extension for WindowsStandalone target not found
Native extension for WebGL target not found
Refreshing native plugins compatible for Editor in 0.37 ms, found 1 plugins.
Preloading 0 native plugins for Editor in 0.00 ms.
Mono: successfully reloaded assembly
- Completed reload, in  1.134 seconds
Platform modules already initialized, skipping
Refreshing native plugins compatible for Editor in 0.38 ms, found 1 plugins.
Preloading 0 native plugins for Editor in 0.00 ms.
Unloading 1852 Unused Serialized files (Serialized files now loaded: 0)
System memory in use before: 91.9 MB.
System memory in use after: 92.0 MB.

Unloading 8 unused Assets to reduce memory usage. Loaded Objects now: 2355.
Total: 2.725400 ms (FindLiveObjects: 0.153100 ms CreateObjectMapping: 0.088700 ms MarkObjects: 2.462000 ms  DeleteObjects: 0.020400 ms)

========================================================================
Received Prepare
Registering precompiled user dll's ...
Registered in 0.002705 seconds.
Begin MonoManager ReloadAssembly
Native extension for WindowsStandalone target not found
Native extension for WebGL target not found
Refreshing native plugins compatible for Editor in 0.36 ms, found 1 plugins.
Preloading 0 native plugins for Editor in 0.00 ms.
Mono: successfully reloaded assembly
- Completed reload, in  1.054 seconds
Platform modules already initialized, skipping
Refreshing native plugins compatible for Editor in 0.36 ms, found 1 plugins.
Preloading 0 native plugins for Editor in 0.00 ms.
Unloading 1852 Unused Serialized files (Serialized files now loaded: 0)
System memory in use before: 91.9 MB.
System memory in use after: 92.1 MB.

Unloading 8 unused Assets to reduce memory usage. Loaded Objects now: 2358.
Total: 2.213200 ms (FindLiveObjects: 0.142800 ms CreateObjectMapping: 0.063900 ms MarkObjects: 1.991700 ms  DeleteObjects: 0.013900 ms)

========================================================================
Received Prepare
Registering precompiled user dll's ...
Registered in 0.002030 seconds.
Begin MonoManager ReloadAssembly
Native extension for WindowsStandalone target not found
Native extension for WebGL target not found
Refreshing native plugins compatible for Editor in 0.37 ms, found 1 plugins.
Preloading 0 native plugins for Editor in 0.00 ms.
Mono: successfully reloaded assembly
- Completed reload, in  1.142 seconds
Platform modules already initialized, skipping
Refreshing native plugins compatible for Editor in 0.36 ms, found 1 plugins.
Preloading 0 native plugins for Editor in 0.00 ms.
Unloading 1852 Unused Serialized files (Serialized files now loaded: 0)
System memory in use before: 92.0 MB.
System memory in use after: 92.1 MB.

Unloading 8 unused Assets to reduce memory usage. Loaded Objects now: 2361.
Total: 2.253500 ms (FindLiveObjects: 0.143400 ms CreateObjectMapping: 0.066000 ms MarkObjects: 2.028900 ms  DeleteObjects: 0.014100 ms)

========================================================================
Received Prepare
Registering precompiled user dll's ...
Registered in 0.001594 seconds.
Begin MonoManager ReloadAssembly
Native extension for WindowsStandalone target not found
Native extension for WebGL target not found
Refreshing native plugins compatible for Editor in 0.37 ms, found 1 plugins.
Preloading 0 native plugins for Editor in 0.00 ms.
Mono: successfully reloaded assembly
- Completed reload, in  1.103 seconds
Platform modules already initialized, skipping
Refreshing native plugins compatible for Editor in 0.38 ms, found 1 plugins.
Preloading 0 native plugins for Editor in 0.00 ms.
Unloading 1852 Unused Serialized files (Serialized files now loaded: 0)
System memory in use before: 92.0 MB.
System memory in use after: 92.1 MB.

Unloading 8 unused Assets to reduce memory usage. Loaded Objects now: 2364.
Total: 2.688000 ms (FindLiveObjects: 0.154200 ms CreateObjectMapping: 0.071100 ms MarkObjects: 2.425000 ms  DeleteObjects: 0.036600 ms)

========================================================================
Received Prepare
Registering precompiled user dll's ...
Registered in 0.001503 seconds.
Begin MonoManager ReloadAssembly
Native extension for WindowsStandalone target not found
Native extension for WebGL target not found
Refreshing native plugins compatible for Editor in 0.37 ms, found 1 plugins.
Preloading 0 native plugins for Editor in 0.00 ms.
Mono: successfully reloaded assembly
- Completed reload, in  1.070 seconds
Platform modules already initialized, skipping
Refreshing native plugins compatible for Editor in 0.35 ms, found 1 plugins.
Preloading 0 native plugins for Editor in 0.00 ms.
Unloading 1852 Unused Serialized files (Serialized files now loaded: 0)
System memory in use before: 92.0 MB.
System memory in use after: 92.1 MB.

Unloading 8 unused Assets to reduce memory usage. Loaded Objects now: 2367.
Total: 2.625700 ms (FindLiveObjects: 0.183000 ms CreateObjectMapping: 0.100500 ms MarkObjects: 2.325000 ms  DeleteObjects: 0.016300 ms)

========================================================================
Received Prepare
Registering precompiled user dll's ...
Registered in 0.001509 seconds.
Begin MonoManager ReloadAssembly
Native extension for WindowsStandalone target not found
Native extension for WebGL target not found
Refreshing native plugins compatible for Editor in 0.36 ms, found 1 plugins.
Preloading 0 native plugins for Editor in 0.00 ms.
Mono: successfully reloaded assembly
- Completed reload, in  1.073 seconds
Platform modules already initialized, skipping
Refreshing native plugins compatible for Editor in 0.35 ms, found 1 plugins.
Preloading 0 native plugins for Editor in 0.00 ms.
Unloading 1852 Unused Serialized files (Serialized files now loaded: 0)
System memory in use before: 92.0 MB.
System memory in use after: 92.1 MB.

Unloading 8 unused Assets to reduce memory usage. Loaded Objects now: 2370.
Total: 2.367100 ms (FindLiveObjects: 0.200500 ms CreateObjectMapping: 0.072900 ms MarkObjects: 2.078200 ms  DeleteObjects: 0.014700 ms)

========================================================================
Received Prepare
Registering precompiled user dll's ...
Registered in 0.001562 seconds.
Begin MonoManager ReloadAssembly
Native extension for WindowsStandalone target not found
Native extension for WebGL target not found
Refreshing native plugins compatible for Editor in 0.39 ms, found 1 plugins.
Preloading 0 native plugins for Editor in 0.00 ms.
Mono: successfully reloaded assembly
- Completed reload, in  1.113 seconds
Platform modules already initialized, skipping
Refreshing native plugins compatible for Editor in 0.35 ms, found 1 plugins.
Preloading 0 native plugins for Editor in 0.00 ms.
Unloading 1852 Unused Serialized files (Serialized files now loaded: 0)
System memory in use before: 92.0 MB.
System memory in use after: 92.1 MB.

Unloading 8 unused Assets to reduce memory usage. Loaded Objects now: 2373.
Total: 2.238800 ms (FindLiveObjects: 0.143600 ms CreateObjectMapping: 0.067300 ms MarkObjects: 2.013300 ms  DeleteObjects: 0.013800 ms)

========================================================================
Received Prepare
Registering precompiled user dll's ...
Registered in 0.001697 seconds.
Begin MonoManager ReloadAssembly
Native extension for WindowsStandalone target not found
Native extension for WebGL target not found
Refreshing native plugins compatible for Editor in 0.41 ms, found 1 plugins.
Preloading 0 native plugins for Editor in 0.00 ms.
Mono: successfully reloaded assembly
- Completed reload, in  1.136 seconds
Platform modules already initialized, skipping
Refreshing native plugins compatible for Editor in 0.37 ms, found 1 plugins.
Preloading 0 native plugins for Editor in 0.00 ms.
Unloading 1852 Unused Serialized files (Serialized files now loaded: 0)
System memory in use before: 92.0 MB.
System memory in use after: 92.1 MB.

Unloading 8 unused Assets to reduce memory usage. Loaded Objects now: 2376.
Total: 2.516300 ms (FindLiveObjects: 0.162000 ms CreateObjectMapping: 0.078400 ms MarkObjects: 2.230800 ms  DeleteObjects: 0.044000 ms)

========================================================================
Received Prepare
Registering precompiled user dll's ...
Registered in 0.002042 seconds.
Begin MonoManager ReloadAssembly
Native extension for WindowsStandalone target not found
Native extension for WebGL target not found
Refreshing native plugins compatible for Editor in 0.39 ms, found 1 plugins.
Preloading 0 native plugins for Editor in 0.00 ms.
Mono: successfully reloaded assembly
- Completed reload, in  1.134 seconds
Platform modules already initialized, skipping
Refreshing native plugins compatible for Editor in 0.36 ms, found 1 plugins.
Preloading 0 native plugins for Editor in 0.00 ms.
Unloading 1852 Unused Serialized files (Serialized files now loaded: 0)
System memory in use before: 92.0 MB.
System memory in use after: 92.1 MB.

Unloading 8 unused Assets to reduce memory usage. Loaded Objects now: 2379.
Total: 2.463900 ms (FindLiveObjects: 0.151300 ms CreateObjectMapping: 0.078800 ms MarkObjects: 2.216900 ms  DeleteObjects: 0.015800 ms)

========================================================================
Received Prepare
Registering precompiled user dll's ...
Registered in 0.001481 seconds.
Begin MonoManager ReloadAssembly
Native extension for WindowsStandalone target not found
Native extension for WebGL target not found
Refreshing native plugins compatible for Editor in 0.37 ms, found 1 plugins.
Preloading 0 native plugins for Editor in 0.00 ms.
Mono: successfully reloaded assembly
- Completed reload, in  1.110 seconds
Platform modules already initialized, skipping
Refreshing native plugins compatible for Editor in 0.35 ms, found 1 plugins.
Preloading 0 native plugins for Editor in 0.00 ms.
Unloading 1852 Unused Serialized files (Serialized files now loaded: 0)
System memory in use before: 92.0 MB.
System memory in use after: 92.1 MB.

Unloading 8 unused Assets to reduce memory usage. Loaded Objects now: 2382.
Total: 2.183700 ms (FindLiveObjects: 0.153300 ms CreateObjectMapping: 0.073000 ms MarkObjects: 1.943500 ms  DeleteObjects: 0.013000 ms)

========================================================================
Received Prepare
Registering precompiled user dll's ...
Registered in 0.002467 seconds.
Begin MonoManager ReloadAssembly
Native extension for WindowsStandalone target not found
Native extension for WebGL target not found
Refreshing native plugins compatible for Editor in 0.38 ms, found 1 plugins.
Preloading 0 native plugins for Editor in 0.00 ms.
Mono: successfully reloaded assembly
- Completed reload, in  1.147 seconds
Platform modules already initialized, skipping
Refreshing native plugins compatible for Editor in 0.36 ms, found 1 plugins.
Preloading 0 native plugins for Editor in 0.00 ms.
Unloading 1852 Unused Serialized files (Serialized files now loaded: 0)
System memory in use before: 92.0 MB.
System memory in use after: 92.1 MB.

Unloading 8 unused Assets to reduce memory usage. Loaded Objects now: 2385.
Total: 2.518200 ms (FindLiveObjects: 0.193000 ms CreateObjectMapping: 0.071800 ms MarkObjects: 2.237500 ms  DeleteObjects: 0.015000 ms)

========================================================================
Received Prepare
Registering precompiled user dll's ...
Registered in 0.001891 seconds.
Begin MonoManager ReloadAssembly
Native extension for WindowsStandalone target not found
Native extension for WebGL target not found
Refreshing native plugins compatible for Editor in 0.38 ms, found 1 plugins.
Preloading 0 native plugins for Editor in 0.00 ms.
Mono: successfully reloaded assembly
- Completed reload, in  1.121 seconds
Platform modules already initialized, skipping
Refreshing native plugins compatible for Editor in 0.35 ms, found 1 plugins.
Preloading 0 native plugins for Editor in 0.00 ms.
Unloading 1852 Unused Serialized files (Serialized files now loaded: 0)
System memory in use before: 92.0 MB.
System memory in use after: 92.1 MB.

Unloading 8 unused Assets to reduce memory usage. Loaded Objects now: 2388.
Total: 2.332600 ms (FindLiveObjects: 0.167700 ms CreateObjectMapping: 0.077700 ms MarkObjects: 2.070600 ms  DeleteObjects: 0.015800 ms)

========================================================================
Received Prepare
Registering precompiled user dll's ...
Registered in 0.001637 seconds.
Begin MonoManager ReloadAssembly
Native extension for WindowsStandalone target not found
Native extension for WebGL target not found
Refreshing native plugins compatible for Editor in 0.39 ms, found 1 plugins.
Preloading 0 native plugins for Editor in 0.00 ms.
Mono: successfully reloaded assembly
- Completed reload, in  1.207 seconds
Platform modules already initialized, skipping
Refreshing native plugins compatible for Editor in 0.36 ms, found 1 plugins.
Preloading 0 native plugins for Editor in 0.00 ms.
Unloading 1852 Unused Serialized files (Serialized files now loaded: 0)
System memory in use before: 92.0 MB.
System memory in use after: 92.2 MB.

Unloading 8 unused Assets to reduce memory usage. Loaded Objects now: 2391.
Total: 2.483800 ms (FindLiveObjects: 0.143900 ms CreateObjectMapping: 0.065700 ms MarkObjects: 2.258500 ms  DeleteObjects: 0.014700 ms)

========================================================================
Received Prepare
Registering precompiled user dll's ...
Registered in 0.002360 seconds.
Begin MonoManager ReloadAssembly
Native extension for WindowsStandalone target not found
Native extension for WebGL target not found
Refreshing native plugins compatible for Editor in 0.44 ms, found 1 plugins.
Preloading 0 native plugins for Editor in 0.00 ms.
Mono: successfully reloaded assembly
- Completed reload, in  1.142 seconds
Platform modules already initialized, skipping
Refreshing native plugins compatible for Editor in 0.35 ms, found 1 plugins.
Preloading 0 native plugins for Editor in 0.00 ms.
Unloading 1852 Unused Serialized files (Serialized files now loaded: 0)
System memory in use before: 92.0 MB.
System memory in use after: 92.2 MB.

Unloading 8 unused Assets to reduce memory usage. Loaded Objects now: 2394.
Total: 2.210400 ms (FindLiveObjects: 0.142500 ms CreateObjectMapping: 0.062700 ms MarkObjects: 1.989500 ms  DeleteObjects: 0.014700 ms)

========================================================================
Received Prepare
Registering precompiled user dll's ...
Registered in 0.001541 seconds.
Begin MonoManager ReloadAssembly
Native extension for WindowsStandalone target not found
Native extension for WebGL target not found
Refreshing native plugins compatible for Editor in 0.36 ms, found 1 plugins.
Preloading 0 native plugins for Editor in 0.00 ms.
Mono: successfully reloaded assembly
- Completed reload, in  1.091 seconds
Platform modules already initialized, skipping
Refreshing native plugins compatible for Editor in 0.35 ms, found 1 plugins.
Preloading 0 native plugins for Editor in 0.00 ms.
Unloading 1852 Unused Serialized files (Serialized files now loaded: 0)
System memory in use before: 92.1 MB.
System memory in use after: 92.2 MB.

Unloading 8 unused Assets to reduce memory usage. Loaded Objects now: 2397.
Total: 2.229200 ms (FindLiveObjects: 0.144000 ms CreateObjectMapping: 0.063100 ms MarkObjects: 2.006900 ms  DeleteObjects: 0.014500 ms)

========================================================================
Received Prepare
Registering precompiled user dll's ...
Registered in 0.002136 seconds.
Begin MonoManager ReloadAssembly
Native extension for WindowsStandalone target not found
Native extension for WebGL target not found
Refreshing native plugins compatible for Editor in 0.36 ms, found 1 plugins.
Preloading 0 native plugins for Editor in 0.00 ms.
Mono: successfully reloaded assembly
- Completed reload, in  1.080 seconds
Platform modules already initialized, skipping
Refreshing native plugins compatible for Editor in 0.39 ms, found 1 plugins.
Preloading 0 native plugins for Editor in 0.00 ms.
Unloading 1852 Unused Serialized files (Serialized files now loaded: 0)
System memory in use before: 92.1 MB.
System memory in use after: 92.2 MB.

Unloading 8 unused Assets to reduce memory usage. Loaded Objects now: 2400.
Total: 3.673400 ms (FindLiveObjects: 0.154500 ms CreateObjectMapping: 0.070400 ms MarkObjects: 3.393600 ms  DeleteObjects: 0.053800 ms)

========================================================================
Received Prepare
Registering precompiled user dll's ...
Registered in 0.001541 seconds.
Begin MonoManager ReloadAssembly
Native extension for WindowsStandalone target not found
Native extension for WebGL target not found
Refreshing native plugins compatible for Editor in 0.36 ms, found 1 plugins.
Preloading 0 native plugins for Editor in 0.00 ms.
Mono: successfully reloaded assembly
- Completed reload, in  1.082 seconds
Platform modules already initialized, skipping
Refreshing native plugins compatible for Editor in 0.60 ms, found 1 plugins.
Preloading 0 native plugins for Editor in 0.00 ms.
Unloading 1852 Unused Serialized files (Serialized files now loaded: 0)
System memory in use before: 92.1 MB.
System memory in use after: 92.2 MB.

Unloading 8 unused Assets to reduce memory usage. Loaded Objects now: 2403.
Total: 2.207500 ms (FindLiveObjects: 0.141800 ms CreateObjectMapping: 0.065900 ms MarkObjects: 1.984800 ms  DeleteObjects: 0.014300 ms)

========================================================================
Received Prepare
Registering precompiled user dll's ...
Registered in 0.001533 seconds.
Begin MonoManager ReloadAssembly
Native extension for WindowsStandalone target not found
Native extension for WebGL target not found
Refreshing native plugins compatible for Editor in 0.42 ms, found 1 plugins.
Preloading 0 native plugins for Editor in 0.00 ms.
Mono: successfully reloaded assembly
- Completed reload, in  1.132 seconds
Platform modules already initialized, skipping
Refreshing native plugins compatible for Editor in 0.43 ms, found 1 plugins.
Preloading 0 native plugins for Editor in 0.00 ms.
Unloading 1852 Unused Serialized files (Serialized files now loaded: 0)
System memory in use before: 92.1 MB.
System memory in use after: 92.2 MB.

Unloading 8 unused Assets to reduce memory usage. Loaded Objects now: 2406.
Total: 2.288500 ms (FindLiveObjects: 0.155400 ms CreateObjectMapping: 0.089500 ms MarkObjects: 2.027900 ms  DeleteObjects: 0.014900 ms)

========================================================================
Received Prepare
Registering precompiled user dll's ...
Registered in 0.001471 seconds.
Begin MonoManager ReloadAssembly
Native extension for WindowsStandalone target not found
Native extension for WebGL target not found
Refreshing native plugins compatible for Editor in 0.36 ms, found 1 plugins.
Preloading 0 native plugins for Editor in 0.00 ms.
Mono: successfully reloaded assembly
- Completed reload, in  1.068 seconds
Platform modules already initialized, skipping
Refreshing native plugins compatible for Editor in 0.35 ms, found 1 plugins.
Preloading 0 native plugins for Editor in 0.00 ms.
Unloading 1852 Unused Serialized files (Serialized files now loaded: 0)
System memory in use before: 92.1 MB.
System memory in use after: 92.2 MB.

Unloading 8 unused Assets to reduce memory usage. Loaded Objects now: 2409.
Total: 2.251100 ms (FindLiveObjects: 0.152100 ms CreateObjectMapping: 0.069500 ms MarkObjects: 2.013900 ms  DeleteObjects: 0.014900 ms)

========================================================================
Received Prepare
Registering precompiled user dll's ...
Registered in 0.001623 seconds.
Begin MonoManager ReloadAssembly
Native extension for WindowsStandalone target not found
Native extension for WebGL target not found
Refreshing native plugins compatible for Editor in 0.58 ms, found 1 plugins.
Preloading 0 native plugins for Editor in 0.00 ms.
Mono: successfully reloaded assembly
- Completed reload, in  1.234 seconds
Platform modules already initialized, skipping
Refreshing native plugins compatible for Editor in 0.47 ms, found 1 plugins.
Preloading 0 native plugins for Editor in 0.00 ms.
Unloading 1852 Unused Serialized files (Serialized files now loaded: 0)
System memory in use before: 92.1 MB.
System memory in use after: 92.2 MB.

Unloading 8 unused Assets to reduce memory usage. Loaded Objects now: 2412.
Total: 2.552200 ms (FindLiveObjects: 0.179100 ms CreateObjectMapping: 0.085900 ms MarkObjects: 2.267000 ms  DeleteObjects: 0.018200 ms)

========================================================================
Received Prepare
Registering precompiled user dll's ...
Registered in 0.001595 seconds.
Begin MonoManager ReloadAssembly
Native extension for WindowsStandalone target not found
Native extension for WebGL target not found
Refreshing native plugins compatible for Editor in 0.70 ms, found 1 plugins.
Preloading 0 native plugins for Editor in 0.00 ms.
Mono: successfully reloaded assembly
- Completed reload, in  1.362 seconds
Platform modules already initialized, skipping
Refreshing native plugins compatible for Editor in 0.43 ms, found 1 plugins.
Preloading 0 native plugins for Editor in 0.00 ms.
Unloading 1852 Unused Serialized files (Serialized files now loaded: 0)
System memory in use before: 92.1 MB.
System memory in use after: 92.2 MB.

Unloading 8 unused Assets to reduce memory usage. Loaded Objects now: 2415.
Total: 2.463600 ms (FindLiveObjects: 0.180300 ms CreateObjectMapping: 0.084600 ms MarkObjects: 2.180900 ms  DeleteObjects: 0.016700 ms)

========================================================================
Received Prepare
Registering precompiled user dll's ...
Registered in 0.001494 seconds.
Begin MonoManager ReloadAssembly
Native extension for WindowsStandalone target not found
Native extension for WebGL target not found
Refreshing native plugins compatible for Editor in 0.37 ms, found 1 plugins.
Preloading 0 native plugins for Editor in 0.00 ms.
Mono: successfully reloaded assembly
- Completed reload, in  1.118 seconds
Platform modules already initialized, skipping
Refreshing native plugins compatible for Editor in 0.37 ms, found 1 plugins.
Preloading 0 native plugins for Editor in 0.00 ms.
Unloading 1852 Unused Serialized files (Serialized files now loaded: 0)
System memory in use before: 92.1 MB.
System memory in use after: 92.2 MB.

Unloading 8 unused Assets to reduce memory usage. Loaded Objects now: 2418.
Total: 2.375000 ms (FindLiveObjects: 0.153700 ms CreateObjectMapping: 0.068000 ms MarkObjects: 2.101500 ms  DeleteObjects: 0.050600 ms)

========================================================================
Received Prepare
Registering precompiled user dll's ...
Registered in 0.001542 seconds.
Begin MonoManager ReloadAssembly
Native extension for WindowsStandalone target not found
Native extension for WebGL target not found
Refreshing native plugins compatible for Editor in 0.37 ms, found 1 plugins.
Preloading 0 native plugins for Editor in 0.00 ms.
Mono: successfully reloaded assembly
- Completed reload, in  1.105 seconds
Platform modules already initialized, skipping
Refreshing native plugins compatible for Editor in 0.38 ms, found 1 plugins.
Preloading 0 native plugins for Editor in 0.00 ms.
Unloading 1852 Unused Serialized files (Serialized files now loaded: 0)
System memory in use before: 92.1 MB.
System memory in use after: 92.2 MB.

Unloading 8 unused Assets to reduce memory usage. Loaded Objects now: 2421.
Total: 2.122100 ms (FindLiveObjects: 0.150400 ms CreateObjectMapping: 0.069000 ms MarkObjects: 1.887900 ms  DeleteObjects: 0.013900 ms)

========================================================================
Received Prepare
Registering precompiled user dll's ...
Registered in 0.001528 seconds.
Begin MonoManager ReloadAssembly
Native extension for WindowsStandalone target not found
Native extension for WebGL target not found
Refreshing native plugins compatible for Editor in 0.39 ms, found 1 plugins.
Preloading 0 native plugins for Editor in 0.00 ms.
Mono: successfully reloaded assembly
- Completed reload, in  1.123 seconds
Platform modules already initialized, skipping
Refreshing native plugins compatible for Editor in 0.36 ms, found 1 plugins.
Preloading 0 native plugins for Editor in 0.00 ms.
Unloading 1852 Unused Serialized files (Serialized files now loaded: 0)
System memory in use before: 92.1 MB.
System memory in use after: 92.3 MB.

Unloading 8 unused Assets to reduce memory usage. Loaded Objects now: 2424.
Total: 2.795000 ms (FindLiveObjects: 0.166300 ms CreateObjectMapping: 0.068200 ms MarkObjects: 2.544100 ms  DeleteObjects: 0.015300 ms)

========================================================================
Received Prepare
Registering precompiled user dll's ...
Registered in 0.001589 seconds.
Begin MonoManager ReloadAssembly
Native extension for WindowsStandalone target not found
Native extension for WebGL target not found
Refreshing native plugins compatible for Editor in 0.36 ms, found 1 plugins.
Preloading 0 native plugins for Editor in 0.00 ms.
Mono: successfully reloaded assembly
- Completed reload, in  1.083 seconds
Platform modules already initialized, skipping
Refreshing native plugins compatible for Editor in 0.36 ms, found 1 plugins.
Preloading 0 native plugins for Editor in 0.00 ms.
Unloading 1852 Unused Serialized files (Serialized files now loaded: 0)
System memory in use before: 92.1 MB.
System memory in use after: 92.3 MB.

Unloading 8 unused Assets to reduce memory usage. Loaded Objects now: 2427.
Total: 3.222300 ms (FindLiveObjects: 0.151800 ms CreateObjectMapping: 0.070800 ms MarkObjects: 2.948200 ms  DeleteObjects: 0.050400 ms)

========================================================================
Received Prepare
Registering precompiled user dll's ...
Registered in 0.002234 seconds.
Begin MonoManager ReloadAssembly
Native extension for WindowsStandalone target not found
Native extension for WebGL target not found
Refreshing native plugins compatible for Editor in 0.36 ms, found 1 plugins.
Preloading 0 native plugins for Editor in 0.00 ms.
Mono: successfully reloaded assembly
- Completed reload, in  1.045 seconds
Platform modules already initialized, skipping
Refreshing native plugins compatible for Editor in 0.36 ms, found 1 plugins.
Preloading 0 native plugins for Editor in 0.00 ms.
Unloading 1852 Unused Serialized files (Serialized files now loaded: 0)
System memory in use before: 92.2 MB.
System memory in use after: 92.3 MB.

Unloading 8 unused Assets to reduce memory usage. Loaded Objects now: 2430.
Total: 2.229200 ms (FindLiveObjects: 0.154700 ms CreateObjectMapping: 0.066700 ms MarkObjects: 1.992400 ms  DeleteObjects: 0.014500 ms)

========================================================================
Received Prepare
Registering precompiled user dll's ...
Registered in 0.001539 seconds.
Begin MonoManager ReloadAssembly
Native extension for WindowsStandalone target not found
Native extension for WebGL target not found
Refreshing native plugins compatible for Editor in 0.38 ms, found 1 plugins.
Preloading 0 native plugins for Editor in 0.00 ms.
Mono: successfully reloaded assembly
- Completed reload, in  1.075 seconds
Platform modules already initialized, skipping
Refreshing native plugins compatible for Editor in 0.36 ms, found 1 plugins.
Preloading 0 native plugins for Editor in 0.00 ms.
Unloading 1852 Unused Serialized files (Serialized files now loaded: 0)
System memory in use before: 92.2 MB.
System memory in use after: 92.3 MB.

Unloading 8 unused Assets to reduce memory usage. Loaded Objects now: 2433.
Total: 2.389700 ms (FindLiveObjects: 0.150800 ms CreateObjectMapping: 0.069800 ms MarkObjects: 2.154300 ms  DeleteObjects: 0.014100 ms)

========================================================================
Received Prepare
Registering precompiled user dll's ...
Registered in 0.001553 seconds.
Begin MonoManager ReloadAssembly
Native extension for WindowsStandalone target not found
Native extension for WebGL target not found
Refreshing native plugins compatible for Editor in 0.40 ms, found 1 plugins.
Preloading 0 native plugins for Editor in 0.00 ms.
Mono: successfully reloaded assembly
- Completed reload, in  1.146 seconds
Platform modules already initialized, skipping
Refreshing native plugins compatible for Editor in 0.41 ms, found 1 plugins.
Preloading 0 native plugins for Editor in 0.00 ms.
Unloading 1852 Unused Serialized files (Serialized files now loaded: 0)
System memory in use before: 92.2 MB.
System memory in use after: 92.3 MB.

Unloading 8 unused Assets to reduce memory usage. Loaded Objects now: 2436.
Total: 2.290700 ms (FindLiveObjects: 0.172000 ms CreateObjectMapping: 0.088800 ms MarkObjects: 2.012500 ms  DeleteObjects: 0.016400 ms)

========================================================================
Received Prepare
Registering precompiled user dll's ...
Registered in 0.001938 seconds.
Begin MonoManager ReloadAssembly
Native extension for WindowsStandalone target not found
Native extension for WebGL target not found
Refreshing native plugins compatible for Editor in 0.93 ms, found 1 plugins.
Preloading 0 native plugins for Editor in 0.00 ms.
Mono: successfully reloaded assembly
- Completed reload, in  1.119 seconds
Platform modules already initialized, skipping
Refreshing native plugins compatible for Editor in 0.38 ms, found 1 plugins.
Preloading 0 native plugins for Editor in 0.00 ms.
Unloading 1852 Unused Serialized files (Serialized files now loaded: 0)
System memory in use before: 92.2 MB.
System memory in use after: 92.3 MB.

Unloading 8 unused Assets to reduce memory usage. Loaded Objects now: 2439.
Total: 2.845500 ms (FindLiveObjects: 0.182800 ms CreateObjectMapping: 0.085300 ms MarkObjects: 2.536400 ms  DeleteObjects: 0.039800 ms)

========================================================================
Received Prepare
Registering precompiled user dll's ...
Registered in 0.001533 seconds.
Begin MonoManager ReloadAssembly
Native extension for WindowsStandalone target not found
Native extension for WebGL target not found
Refreshing native plugins compatible for Editor in 0.37 ms, found 1 plugins.
Preloading 0 native plugins for Editor in 0.00 ms.
Mono: successfully reloaded assembly
- Completed reload, in  1.083 seconds
Platform modules already initialized, skipping
Refreshing native plugins compatible for Editor in 0.36 ms, found 1 plugins.
Preloading 0 native plugins for Editor in 0.00 ms.
Unloading 1852 Unused Serialized files (Serialized files now loaded: 0)
System memory in use before: 92.2 MB.
System memory in use after: 92.3 MB.

Unloading 8 unused Assets to reduce memory usage. Loaded Objects now: 2442.
Total: 2.357900 ms (FindLiveObjects: 0.164600 ms CreateObjectMapping: 0.075600 ms MarkObjects: 2.101900 ms  DeleteObjects: 0.015000 ms)

========================================================================
Received Prepare
Registering precompiled user dll's ...
Registered in 0.001612 seconds.
Begin MonoManager ReloadAssembly
Native extension for WindowsStandalone target not found
Native extension for WebGL target not found
Refreshing native plugins compatible for Editor in 0.39 ms, found 1 plugins.
Preloading 0 native plugins for Editor in 0.00 ms.
Mono: successfully reloaded assembly
- Completed reload, in  1.096 seconds
Platform modules already initialized, skipping
Refreshing native plugins compatible for Editor in 0.37 ms, found 1 plugins.
Preloading 0 native plugins for Editor in 0.00 ms.
Unloading 1852 Unused Serialized files (Serialized files now loaded: 0)
System memory in use before: 92.2 MB.
System memory in use after: 92.3 MB.

Unloading 8 unused Assets to reduce memory usage. Loaded Objects now: 2445.
Total: 2.342000 ms (FindLiveObjects: 0.160200 ms CreateObjectMapping: 0.070200 ms MarkObjects: 2.096000 ms  DeleteObjects: 0.014900 ms)

========================================================================
Received Prepare
Registering precompiled user dll's ...
Registered in 0.001573 seconds.
Begin MonoManager ReloadAssembly
Native extension for WindowsStandalone target not found
Native extension for WebGL target not found
Refreshing native plugins compatible for Editor in 0.37 ms, found 1 plugins.
Preloading 0 native plugins for Editor in 0.00 ms.
Mono: successfully reloaded assembly
- Completed reload, in  1.135 seconds
Platform modules already initialized, skipping
Refreshing native plugins compatible for Editor in 0.36 ms, found 1 plugins.
Preloading 0 native plugins for Editor in 0.00 ms.
Unloading 1852 Unused Serialized files (Serialized files now loaded: 0)
System memory in use before: 92.2 MB.
System memory in use after: 92.3 MB.

Unloading 8 unused Assets to reduce memory usage. Loaded Objects now: 2448.
Total: 2.389700 ms (FindLiveObjects: 0.160300 ms CreateObjectMapping: 0.092000 ms MarkObjects: 2.121400 ms  DeleteObjects: 0.015300 ms)

========================================================================
Received Prepare
Registering precompiled user dll's ...
Registered in 0.001795 seconds.
Begin MonoManager ReloadAssembly
Native extension for WindowsStandalone target not found
Native extension for WebGL target not found
Refreshing native plugins compatible for Editor in 0.36 ms, found 1 plugins.
Preloading 0 native plugins for Editor in 0.00 ms.
Mono: successfully reloaded assembly
- Completed reload, in  1.049 seconds
Platform modules already initialized, skipping
Refreshing native plugins compatible for Editor in 0.35 ms, found 1 plugins.
Preloading 0 native plugins for Editor in 0.00 ms.
Unloading 1852 Unused Serialized files (Serialized files now loaded: 0)
System memory in use before: 92.2 MB.
System memory in use after: 92.3 MB.

Unloading 8 unused Assets to reduce memory usage. Loaded Objects now: 2451.
Total: 2.311900 ms (FindLiveObjects: 0.147300 ms CreateObjectMapping: 0.063400 ms MarkObjects: 2.086000 ms  DeleteObjects: 0.014200 ms)

========================================================================
Received Prepare
Registering precompiled user dll's ...
Registered in 0.002674 seconds.
Begin MonoManager ReloadAssembly
Native extension for WindowsStandalone target not found
Native extension for WebGL target not found
Refreshing native plugins compatible for Editor in 0.36 ms, found 1 plugins.
Preloading 0 native plugins for Editor in 0.00 ms.
Mono: successfully reloaded assembly
- Completed reload, in  1.069 seconds
Platform modules already initialized, skipping
Refreshing native plugins compatible for Editor in 0.35 ms, found 1 plugins.
Preloading 0 native plugins for Editor in 0.00 ms.
Unloading 1852 Unused Serialized files (Serialized files now loaded: 0)
System memory in use before: 92.2 MB.
System memory in use after: 92.3 MB.

Unloading 8 unused Assets to reduce memory usage. Loaded Objects now: 2454.
Total: 2.960800 ms (FindLiveObjects: 0.782300 ms CreateObjectMapping: 0.105800 ms MarkObjects: 2.057200 ms  DeleteObjects: 0.014800 ms)

========================================================================
Received Prepare
Registering precompiled user dll's ...
Registered in 0.001872 seconds.
Begin MonoManager ReloadAssembly
Native extension for WindowsStandalone target not found
Native extension for WebGL target not found
Refreshing native plugins compatible for Editor in 0.47 ms, found 1 plugins.
Preloading 0 native plugins for Editor in 0.00 ms.
Mono: successfully reloaded assembly
- Completed reload, in  1.129 seconds
Platform modules already initialized, skipping
Refreshing native plugins compatible for Editor in 0.36 ms, found 1 plugins.
Preloading 0 native plugins for Editor in 0.00 ms.
Unloading 1852 Unused Serialized files (Serialized files now loaded: 0)
System memory in use before: 92.2 MB.
System memory in use after: 92.3 MB.

Unloading 8 unused Assets to reduce memory usage. Loaded Objects now: 2457.
Total: 2.411500 ms (FindLiveObjects: 0.172700 ms CreateObjectMapping: 0.072100 ms MarkObjects: 2.150300 ms  DeleteObjects: 0.015300 ms)

========================================================================
Received Prepare
Registering precompiled user dll's ...
Registered in 0.001626 seconds.
Begin MonoManager ReloadAssembly
Native extension for WindowsStandalone target not found
Native extension for WebGL target not found
Refreshing native plugins compatible for Editor in 0.48 ms, found 1 plugins.
Preloading 0 native plugins for Editor in 0.00 ms.
Mono: successfully reloaded assembly
- Completed reload, in  1.124 seconds
Platform modules already initialized, skipping
Refreshing native plugins compatible for Editor in 0.36 ms, found 1 plugins.
Preloading 0 native plugins for Editor in 0.00 ms.
Unloading 1852 Unused Serialized files (Serialized files now loaded: 0)
System memory in use before: 92.2 MB.
System memory in use after: 92.3 MB.

Unloading 8 unused Assets to reduce memory usage. Loaded Objects now: 2460.
Total: 2.826500 ms (FindLiveObjects: 0.190700 ms CreateObjectMapping: 0.078100 ms MarkObjects: 2.525000 ms  DeleteObjects: 0.031500 ms)

========================================================================
Received Prepare
Registering precompiled user dll's ...
Registered in 0.002107 seconds.
Begin MonoManager ReloadAssembly
Native extension for WindowsStandalone target not found
Native extension for WebGL target not found
Refreshing native plugins compatible for Editor in 0.37 ms, found 1 plugins.
Preloading 0 native plugins for Editor in 0.00 ms.
Mono: successfully reloaded assembly
- Completed reload, in  1.069 seconds
Platform modules already initialized, skipping
Refreshing native plugins compatible for Editor in 0.36 ms, found 1 plugins.
Preloading 0 native plugins for Editor in 0.00 ms.
Unloading 1852 Unused Serialized files (Serialized files now loaded: 0)
System memory in use before: 92.2 MB.
System memory in use after: 92.4 MB.

Unloading 8 unused Assets to reduce memory usage. Loaded Objects now: 2463.
Total: 4.195100 ms (FindLiveObjects: 0.158700 ms CreateObjectMapping: 0.122000 ms MarkObjects: 3.866900 ms  DeleteObjects: 0.046400 ms)

========================================================================
Received Prepare
Registering precompiled user dll's ...
Registered in 0.001540 seconds.
Begin MonoManager ReloadAssembly
Native extension for WindowsStandalone target not found
Native extension for WebGL target not found
Refreshing native plugins compatible for Editor in 0.36 ms, found 1 plugins.
Preloading 0 native plugins for Editor in 0.00 ms.
Mono: successfully reloaded assembly
- Completed reload, in  1.139 seconds
Platform modules already initialized, skipping
Refreshing native plugins compatible for Editor in 0.37 ms, found 1 plugins.
Preloading 0 native plugins for Editor in 0.00 ms.
Unloading 1852 Unused Serialized files (Serialized files now loaded: 0)
System memory in use before: 92.3 MB.
System memory in use after: 92.4 MB.

Unloading 8 unused Assets to reduce memory usage. Loaded Objects now: 2466.
Total: 3.182800 ms (FindLiveObjects: 0.227800 ms CreateObjectMapping: 0.094000 ms MarkObjects: 2.817200 ms  DeleteObjects: 0.042700 ms)

========================================================================
Received Prepare
Registering precompiled user dll's ...
Registered in 0.001767 seconds.
Begin MonoManager ReloadAssembly
Native extension for WindowsStandalone target not found
Native extension for WebGL target not found
Refreshing native plugins compatible for Editor in 0.36 ms, found 1 plugins.
Preloading 0 native plugins for Editor in 0.00 ms.
Mono: successfully reloaded assembly
- Completed reload, in  1.127 seconds
Platform modules already initialized, skipping
Refreshing native plugins compatible for Editor in 0.39 ms, found 1 plugins.
Preloading 0 native plugins for Editor in 0.00 ms.
Unloading 1852 Unused Serialized files (Serialized files now loaded: 0)
System memory in use before: 92.3 MB.
System memory in use after: 92.4 MB.

Unloading 8 unused Assets to reduce memory usage. Loaded Objects now: 2469.
Total: 2.473200 ms (FindLiveObjects: 0.163500 ms CreateObjectMapping: 0.071000 ms MarkObjects: 2.222800 ms  DeleteObjects: 0.015000 ms)

========================================================================
Received Prepare
Registering precompiled user dll's ...
Registered in 0.001670 seconds.
Begin MonoManager ReloadAssembly
Native extension for WindowsStandalone target not found
Native extension for WebGL target not found
Refreshing native plugins compatible for Editor in 0.40 ms, found 1 plugins.
Preloading 0 native plugins for Editor in 0.00 ms.
Mono: successfully reloaded assembly
- Completed reload, in  1.092 seconds
Platform modules already initialized, skipping
Refreshing native plugins compatible for Editor in 0.36 ms, found 1 plugins.
Preloading 0 native plugins for Editor in 0.00 ms.
Unloading 1852 Unused Serialized files (Serialized files now loaded: 0)
System memory in use before: 92.3 MB.
System memory in use after: 92.4 MB.

Unloading 8 unused Assets to reduce memory usage. Loaded Objects now: 2472.
Total: 2.282100 ms (FindLiveObjects: 0.148000 ms CreateObjectMapping: 0.065500 ms MarkObjects: 2.053700 ms  DeleteObjects: 0.014000 ms)

========================================================================
Received Prepare
Registering precompiled user dll's ...
Registered in 0.001601 seconds.
Begin MonoManager ReloadAssembly
Native extension for WindowsStandalone target not found
Native extension for WebGL target not found
Refreshing native plugins compatible for Editor in 0.47 ms, found 1 plugins.
Preloading 0 native plugins for Editor in 0.00 ms.
Mono: successfully reloaded assembly
- Completed reload, in  1.075 seconds
Platform modules already initialized, skipping
Refreshing native plugins compatible for Editor in 0.35 ms, found 1 plugins.
Preloading 0 native plugins for Editor in 0.00 ms.
Unloading 1852 Unused Serialized files (Serialized files now loaded: 0)
System memory in use before: 92.3 MB.
System memory in use after: 92.4 MB.

Unloading 8 unused Assets to reduce memory usage. Loaded Objects now: 2475.
Total: 2.995000 ms (FindLiveObjects: 0.374600 ms CreateObjectMapping: 0.157800 ms MarkObjects: 2.446600 ms  DeleteObjects: 0.015300 ms)

========================================================================
Received Prepare
Registering precompiled user dll's ...
Registered in 0.001775 seconds.
Begin MonoManager ReloadAssembly
Native extension for WindowsStandalone target not found
Native extension for WebGL target not found
Refreshing native plugins compatible for Editor in 0.37 ms, found 1 plugins.
Preloading 0 native plugins for Editor in 0.00 ms.
Mono: successfully reloaded assembly
- Completed reload, in  1.074 seconds
Platform modules already initialized, skipping
Refreshing native plugins compatible for Editor in 0.35 ms, found 1 plugins.
Preloading 0 native plugins for Editor in 0.00 ms.
Unloading 1852 Unused Serialized files (Serialized files now loaded: 0)
System memory in use before: 92.3 MB.
System memory in use after: 92.4 MB.

Unloading 8 unused Assets to reduce memory usage. Loaded Objects now: 2478.
Total: 2.352200 ms (FindLiveObjects: 0.150400 ms CreateObjectMapping: 0.065500 ms MarkObjects: 2.121100 ms  DeleteObjects: 0.014300 ms)

========================================================================
Received Prepare
Registering precompiled user dll's ...
Registered in 0.001829 seconds.
Begin MonoManager ReloadAssembly
Native extension for WindowsStandalone target not found
Native extension for WebGL target not found
Refreshing native plugins compatible for Editor in 0.35 ms, found 1 plugins.
Preloading 0 native plugins for Editor in 0.00 ms.
Mono: successfully reloaded assembly
- Completed reload, in  1.096 seconds
Platform modules already initialized, skipping
Refreshing native plugins compatible for Editor in 0.37 ms, found 1 plugins.
Preloading 0 native plugins for Editor in 0.00 ms.
Unloading 1852 Unused Serialized files (Serialized files now loaded: 0)
System memory in use before: 92.3 MB.
System memory in use after: 92.4 MB.

Unloading 8 unused Assets to reduce memory usage. Loaded Objects now: 2481.
Total: 2.956500 ms (FindLiveObjects: 0.180000 ms CreateObjectMapping: 0.081200 ms MarkObjects: 2.656000 ms  DeleteObjects: 0.038000 ms)

